Using pre-set license
Built from '2021.3/release' branch; Version is '2021.3.27f1 (ca3ffb99bcc6) revision 13254651'; Using compiler version '192829333'; Build Type 'Release'
OS: 'Windows 11  (10.0.22621) 64bit Core' Language: 'en' Physical Memory: 16295 MB
BatchMode: 1, IsHumanControllingUs: 0, StartBugReporterOnCrash: 0, Is64bit: 1, IsPro: 1

COMMAND LINE ARGUMENTS:
C:\Program Files\Unity\Hub\Editor\2021.3.27f1-x86_64\Editor\Unity.exe
-adb2
-batchMode
-noUpm
-name
AssetImportWorker0
-projectPath
C:/Users/megaa/OneDrive/Desktop/projects/ant-simulator/AntSimulator
-logFile
Logs/AssetImportWorker0.log
-srvPort
55280
Successfully changed project path to: C:/Users/megaa/OneDrive/Desktop/projects/ant-simulator/AntSimulator
C:/Users/megaa/OneDrive/Desktop/projects/ant-simulator/AntSimulator
[UnityMemory] Configuration Parameters - Can be set up in boot.config
    "memorysetup-bucket-allocator-granularity=16"
    "memorysetup-bucket-allocator-bucket-count=8"
    "memorysetup-bucket-allocator-block-size=33554432"
    "memorysetup-bucket-allocator-block-count=8"
    "memorysetup-main-allocator-block-size=16777216"
    "memorysetup-thread-allocator-block-size=16777216"
    "memorysetup-gfx-main-allocator-block-size=16777216"
    "memorysetup-gfx-thread-allocator-block-size=16777216"
    "memorysetup-cache-allocator-block-size=4194304"
    "memorysetup-typetree-allocator-block-size=2097152"
    "memorysetup-profiler-bucket-allocator-granularity=16"
    "memorysetup-profiler-bucket-allocator-bucket-count=8"
    "memorysetup-profiler-bucket-allocator-block-size=33554432"
    "memorysetup-profiler-bucket-allocator-block-count=8"
    "memorysetup-profiler-allocator-block-size=16777216"
    "memorysetup-profiler-editor-allocator-block-size=1048576"
    "memorysetup-temp-allocator-size-main=16777216"
    "memorysetup-job-temp-allocator-block-size=2097152"
    "memorysetup-job-temp-allocator-block-size-background=1048576"
    "memorysetup-job-temp-allocator-reduction-small-platforms=262144"
    "memorysetup-temp-allocator-size-background-worker=32768"
    "memorysetup-temp-allocator-size-job-worker=262144"
    "memorysetup-temp-allocator-size-preload-manager=33554432"
    "memorysetup-temp-allocator-size-nav-mesh-worker=65536"
    "memorysetup-temp-allocator-size-audio-worker=65536"
    "memorysetup-temp-allocator-size-cloud-worker=32768"
    "memorysetup-temp-allocator-size-gi-baking-worker=262144"
    "memorysetup-temp-allocator-size-gfx=262144"
Player connection [26536] Host "[IP] 192.168.20.67 [Port] 0 [Flags] 2 [Guid] 2155882550 [EditorId] 2155882550 [Version] 1048832 [Id] WindowsEditor(7,LAPTOP-H6STKV16) [Debug] 1 [PackageName] WindowsEditor [ProjectName] Editor" joined multi-casting on [225.0.0.222:54997]...

Player connection [26536] Host "[IP] 192.168.20.67 [Port] 0 [Flags] 2 [Guid] 2155882550 [EditorId] 2155882550 [Version] 1048832 [Id] WindowsEditor(7,LAPTOP-H6STKV16) [Debug] 1 [PackageName] WindowsEditor [ProjectName] Editor" joined alternative multi-casting on [225.0.0.222:34997]...

Refreshing native plugins compatible for Editor in 120.97 ms, found 4 plugins.
Preloading 0 native plugins for Editor in 0.00 ms.
Initialize engine version: 2021.3.27f1 (ca3ffb99bcc6)
[Subsystems] Discovering subsystems at path C:/Program Files/Unity/Hub/Editor/2021.3.27f1-x86_64/Editor/Data/Resources/UnitySubsystems
[Subsystems] Discovering subsystems at path C:/Users/megaa/OneDrive/Desktop/projects/ant-simulator/AntSimulator/Assets
GfxDevice: creating device client; threaded=0; jobified=0
Direct3D:
    Version:  Direct3D 11.0 [level 11.1]
    Renderer: NVIDIA GeForce RTX 2060 (ID=0x1f11)
    Vendor:   NVIDIA
    VRAM:     5968 MB
    Driver:   31.0.15.2737
Initialize mono
Mono path[0] = 'C:/Program Files/Unity/Hub/Editor/2021.3.27f1-x86_64/Editor/Data/Managed'
Mono path[1] = 'C:/Program Files/Unity/Hub/Editor/2021.3.27f1-x86_64/Editor/Data/MonoBleedingEdge/lib/mono/unityjit-win32'
Mono config path = 'C:/Program Files/Unity/Hub/Editor/2021.3.27f1-x86_64/Editor/Data/MonoBleedingEdge/etc'
Using monoOptions --debugger-agent=transport=dt_socket,embedding=1,server=y,suspend=n,address=127.0.0.1:56924
Begin MonoManager ReloadAssembly
Registering precompiled unity dll's ...
Register platform support module: C:/Program Files/Unity/Hub/Editor/2021.3.27f1-x86_64/Editor/Data/PlaybackEngines/WebGLSupport/UnityEditor.WebGL.Extensions.dll
Register platform support module: C:/Program Files/Unity/Hub/Editor/2021.3.27f1-x86_64/Editor/Data/PlaybackEngines/WindowsStandaloneSupport/UnityEditor.WindowsStandalone.Extensions.dll
Registered in 0.006446 seconds.
Native extension for WindowsStandalone target not found
Native extension for WebGL target not found
Refreshing native plugins compatible for Editor in 120.15 ms, found 4 plugins.
Preloading 0 native plugins for Editor in 0.00 ms.
Mono: successfully reloaded assembly
- Completed reload, in  0.915 seconds
Domain Reload Profiling:
	ReloadAssembly (916ms)
		BeginReloadAssembly (116ms)
			ExecutionOrderSort (0ms)
			DisableScriptedObjects (0ms)
			BackupInstance (0ms)
			ReleaseScriptingObjects (0ms)
			CreateAndSetChildDomain (1ms)
		EndReloadAssembly (658ms)
			LoadAssemblies (113ms)
			RebuildTransferFunctionScriptingTraits (0ms)
			SetupTypeCache (149ms)
			ReleaseScriptCaches (0ms)
			RebuildScriptCaches (41ms)
			SetupLoadedEditorAssemblies (396ms)
				LogAssemblyErrors (0ms)
				InitializePlatformSupportModulesInManaged (13ms)
				SetLoadedEditorAssemblies (0ms)
				RefreshPlugins (120ms)
				BeforeProcessingInitializeOnLoad (2ms)
				ProcessInitializeOnLoadAttributes (198ms)
				ProcessInitializeOnLoadMethodAttributes (63ms)
				AfterProcessingInitializeOnLoad (0ms)
				EditorAssembliesLoaded (0ms)
			ExecutionOrderSort2 (0ms)
			AwakeInstancesAfterBackupRestoration (0ms)
Platform modules already initialized, skipping
Registering precompiled user dll's ...
Registered in 0.006153 seconds.
Begin MonoManager ReloadAssembly
Symbol file LoadedFromMemory doesn't match image C:\Users\megaa\OneDrive\Desktop\projects\ant-simulator\AntSimulator\Library\PackageCache\com.unity.visualscripting@1.8.0\Editor\VisualScripting.Core\Dependencies\YamlDotNet\Unity.VisualScripting.YamlDotNet.dll
Symbol file LoadedFromMemory doesn't match image C:\Users\megaa\OneDrive\Desktop\projects\ant-simulator\AntSimulator\Library\PackageCache\com.unity.visualscripting@1.8.0\Editor\VisualScripting.Core\Dependencies\DotNetZip\Unity.VisualScripting.IonicZip.dll
Native extension for WindowsStandalone target not found
Native extension for WebGL target not found
Refreshing native plugins compatible for Editor in 111.87 ms, found 4 plugins.
Preloading 0 native plugins for Editor in 0.00 ms.
Mono: successfully reloaded assembly
- Completed reload, in  1.614 seconds
Domain Reload Profiling:
	ReloadAssembly (1615ms)
		BeginReloadAssembly (197ms)
			ExecutionOrderSort (0ms)
			DisableScriptedObjects (9ms)
			BackupInstance (0ms)
			ReleaseScriptingObjects (0ms)
			CreateAndSetChildDomain (25ms)
		EndReloadAssembly (1284ms)
			LoadAssemblies (128ms)
			RebuildTransferFunctionScriptingTraits (0ms)
			SetupTypeCache (364ms)
			ReleaseScriptCaches (1ms)
			RebuildScriptCaches (87ms)
			SetupLoadedEditorAssemblies (648ms)
				LogAssemblyErrors (0ms)
				InitializePlatformSupportModulesInManaged (10ms)
				SetLoadedEditorAssemblies (1ms)
				RefreshPlugins (112ms)
				BeforeProcessingInitializeOnLoad (123ms)
				ProcessInitializeOnLoadAttributes (347ms)
				ProcessInitializeOnLoadMethodAttributes (49ms)
				AfterProcessingInitializeOnLoad (6ms)
				EditorAssembliesLoaded (0ms)
			ExecutionOrderSort2 (0ms)
			AwakeInstancesAfterBackupRestoration (7ms)
Platform modules already initialized, skipping
========================================================================
Worker process is ready to serve import requests
Launched and connected shader compiler UnityShaderCompiler.exe after 0.05 seconds
Refreshing native plugins compatible for Editor in 1.02 ms, found 4 plugins.
Preloading 0 native plugins for Editor in 0.00 ms.
Unloading 3734 Unused Serialized files (Serialized files now loaded: 0)
Unloading 35 unused Assets / (46.3 KB). Loaded Objects now: 4194.
Memory consumption went from 143.0 MB to 142.9 MB.
Total: 5.441300 ms (FindLiveObjects: 0.456900 ms CreateObjectMapping: 0.457600 ms MarkObjects: 4.442400 ms  DeleteObjects: 0.083100 ms)

AssetImportParameters requested are different than current active one (requested -> active):
  custom:video-decoder-ogg-theora: a1e56fd34408186e4bbccfd4996cb3dc -> 
  custom:container-muxer-webm: aa71ff27fc2769a1b78a27578f13a17b -> 
  custom:container-demuxer-webm: 4f35f7cbe854078d1ac9338744f61a02 -> 
  custom:video-encoder-webm-vp8: eb34c28f22e8b96e1ab97ce403110664 -> 
  custom:video-codec-MediaFoundation-h265: 746d11721c4dcdbdad8f713fa42b33f4 -> 
  custom:audio-encoder-webm-vorbis: bf7c407c2cedff20999df2af8eb42d56 -> 
  custom:framework-win-MediaFoundation: 216162199b28c13a410421893ffa2e32 -> 
  custom:container-demuxer-ogg: 62fdf1f143b41e24485cea50d1cbac27 -> 
  custom:video-decoder-webm-vp8: 9c59270c3fd7afecdb556c50c9e8de78 -> 
  custom:audio-decoder-ogg-vorbis: bf7c407c2cedff20999df2af8eb42d56 -> 
========================================================================
Received Import Request.
  Time since last request: 153763.943133 seconds.
  path: Assets/Models
  artifactKey: Guid(ab99cea34906b4e45949d1994398f5ca) Importer(815301076,1909f56bfc062723c751e8b465ee728b)
Start importing Assets/Models using Guid(ab99cea34906b4e45949d1994398f5ca) Importer(815301076,1909f56bfc062723c751e8b465ee728b)  -> (artifact id: 'b2613be5878f9ad14f96008648c51a6a') in 0.017104 seconds 
========================================================================
Received Import Request.
  Time since last request: 0.508724 seconds.
  path: Assets/Models/cartoon-ant
  artifactKey: Guid(59b5b68375dd37c47b4dc8f0f87e9b02) Importer(815301076,1909f56bfc062723c751e8b465ee728b)
Start importing Assets/Models/cartoon-ant using Guid(59b5b68375dd37c47b4dc8f0f87e9b02) Importer(815301076,1909f56bfc062723c751e8b465ee728b)  -> (artifact id: '4e2af22927aae40c0463e349e5fae134') in 0.010546 seconds 
========================================================================
Received Import Request.
  Time since last request: 0.806539 seconds.
  path: Assets/Models/cartoon-ant/source
  artifactKey: Guid(0cc39beca47dd954d9298f9f1be8fba7) Importer(815301076,1909f56bfc062723c751e8b465ee728b)
Start importing Assets/Models/cartoon-ant/source using Guid(0cc39beca47dd954d9298f9f1be8fba7) Importer(815301076,1909f56bfc062723c751e8b465ee728b)  -> (artifact id: 'e8d6a712210d8ea834ea58ded1e9b847') in 0.011832 seconds 
========================================================================
Received Import Request.
  Time since last request: 0.036657 seconds.
  path: Assets/Models/cartoon-ant/source/allanim.fbx
  artifactKey: Guid(5c3e1c02fac4c1544b24ebf3ee708bc1) Importer(815301076,1909f56bfc062723c751e8b465ee728b)
Start importing Assets/Models/cartoon-ant/source/allanim.fbx using Guid(5c3e1c02fac4c1544b24ebf3ee708bc1) Importer(815301076,1909f56bfc062723c751e8b465ee728b)  -> (artifact id: '9c728aef7883a07635763d5e053575f7') in 0.646985 seconds 
========================================================================
Received Import Request.
  Time since last request: 268.379786 seconds.
  path: Assets/Models/cartoon-ant/textures
  artifactKey: Guid(7e5c4d097aa296e49818d2a5c86da1d6) Importer(815301076,1909f56bfc062723c751e8b465ee728b)
Start importing Assets/Models/cartoon-ant/textures using Guid(7e5c4d097aa296e49818d2a5c86da1d6) Importer(815301076,1909f56bfc062723c751e8b465ee728b)  -> (artifact id: '631a20b2a3f710d6a0c80d09d968b021') in 0.010433 seconds 
========================================================================
Received Import Request.
  Time since last request: 0.049240 seconds.
  path: Assets/Models/cartoon-ant/textures/ant1_(2).png
  artifactKey: Guid(b871151cfab713f47be424d427495c6f) Importer(815301076,1909f56bfc062723c751e8b465ee728b)
Start importing Assets/Models/cartoon-ant/textures/ant1_(2).png using Guid(b871151cfab713f47be424d427495c6f) Importer(815301076,1909f56bfc062723c751e8b465ee728b)  -> (artifact id: 'a624c56dc2cb15865e3de1e6de12202d') in 0.118289 seconds 
========================================================================
Received Import Request.
  Time since last request: 29.663820 seconds.
  path: Assets/Models/cartoon-ant/textures/ant1_(2).png
  artifactKey: Guid(b871151cfab713f47be424d427495c6f) Importer(815301076,1909f56bfc062723c751e8b465ee728b)
Start importing Assets/Models/cartoon-ant/textures/ant1_(2).png using Guid(b871151cfab713f47be424d427495c6f) Importer(815301076,1909f56bfc062723c751e8b465ee728b)  -> (artifact id: 'eb358eebe7ed180efbddb34b44efb475') in 0.018272 seconds 
